# JRE version: OpenJDK Runtime Environment Temurin-25.0.1+8 (25.0.1+8) (build 25.0.1+8-LTS)
# Java VM: OpenJDK 64-Bit Server VM Temurin-25.0.1+8 (25.0.1+8-LTS, mixed mode, sharing, tiered, compressed oops, compressed class ptrs, parallel gc, windows-amd64)
GC Precious Log:
 CardTable entry size: 512
 CPUs: 6 total, 6 available
 Memory: 16319M
 Large Page Support: Disabled
 NUMA Support: Disabled
 Compressed Oops: Enabled (32-bit)
 Alignments: Space 512K, Generation 512K, Heap 2M
 Heap Min Capacity: 100M
 Heap Initial Capacity: 100M
 Heap Max Capacity: 2G
 Pre-touch: Disabled
 Parallel Workers: 6
Heap:
 PSYoungGen      total 31232K, used 4948K [0x00000000d5580000, 0x00000000d7680000, 0x0000000100000000)
  eden space 28672K, 15% used [0x00000000d5580000,0x00000000d59c5160,0x00000000d7180000)
  from space 2560K, 22% used [0x00000000d7180000,0x00000000d720ff78,0x00000000d7400000)
  to   space 1536K, 0% used [0x00000000d7500000,0x00000000d7500000,0x00000000d7680000)
 ParOldGen       total 304640K, used 179233K [0x0000000080000000, 0x0000000092980000, 0x00000000d5580000)
  object space 304640K, 58% used [0x0000000080000000,0x000000008af08478,0x0000000092980000)
GC Heap Usage History (20 events):
Event: 29194.303 {heap Before GC invocations=255 (full 5):
 PSYoungGen      total 32256K, used 31799K [0x00000000d5580000, 0x00000000d7800000, 0x0000000100000000)
  eden space 29184K, 100% used [0x00000000d5580000,0x00000000d7200000,0x00000000d7200000)
  from space 3072K, 85% used [0x00000000d7280000,0x00000000d750dd18,0x00000000d7580000)
  to   space 2560K, 0% used [0x00000000d7580000,0x00000000d7580000,0x00000000d7800000)
 ParOldGen       total 304640K, used 171906K [0x0000000080000000, 0x0000000092980000, 0x00000000d558Event: 29194.306 {heap After GC invocations=255 (full 5):
 PSYoungGen      total 32768K, used 2261K [0x00000000d5580000, 0x00000000d7800000, 0x0000000100000000)
  eden space 30208K, 0% used [0x00000000d5580000,0x00000000d5580000,0x00000000d7300000)
  from space 2560K, 88% used [0x00000000d7580000,0x00000000d77b5428,0x00000000d7800000)
  to   space 2560K, 0% used [0x00000000d7300000,0x00000000d7300000,0x00000000d7580000)
 ParOldGen       total 304640K, used 172193K [0x0000000080000000, 0x0000000092980000, 0x00000000d5580000Event: 29204.257 {heap Before GC invocations=256 (full 5):
 PSYoungGen      total 32768K, used 32360K [0x00000000d5580000, 0x00000000d7800000, 0x0000000100000000)
  eden space 30208K, 99% used [0x00000000d5580000,0x00000000d72e4e38,0x00000000d7300000)
  from space 2560K, 88% used [0x00000000d7580000,0x00000000d77b5428,0x00000000d7800000)
  to   space 2560K, 0% used [0x00000000d7300000,0x00000000d7300000,0x00000000d7580000)
 ParOldGen       total 304640K, used 172193K [0x0000000080000000, 0x0000000092980000, 0x00000000d5580Event: 29204.258 {heap After GC invocations=256 (full 5):
 PSYoungGen      total 31744K, used 1157K [0x00000000d5580000, 0x00000000d7680000, 0x0000000100000000)
  eden space 30208K, 0% used [0x00000000d5580000,0x00000000d5580000,0x00000000d7300000)
  from space 1536K, 75% used [0x00000000d7300000,0x00000000d7421638,0x00000000d7480000)
  to   space 2048K, 0% used [0x00000000d7480000,0x00000000d7480000,0x00000000d7680000)
 ParOldGen       total 304640K, used 172288K [0x0000000080000000, 0x0000000092980000, 0x00000000d5580000Event: 29223.910 {heap Before GC invocations=257 (full 5):
 PSYoungGen      total 31744K, used 31365K [0x00000000d5580000, 0x00000000d7680000, 0x0000000100000000)
  eden space 30208K, 100% used [0x00000000d5580000,0x00000000d7300000,0x00000000d7300000)
  from space 1536K, 75% used [0x00000000d7300000,0x00000000d7421638,0x00000000d7480000)
  to   space 2048K, 0% used [0x00000000d7480000,0x00000000d7480000,0x00000000d7680000)
 ParOldGen       total 304640K, used 172288K [0x0000000080000000, 0x0000000092980000, 0x00000000d558Event: 29223.916 {heap After GC invocations=257 (full 5):
 PSYoungGen      total 28160K, used 2032K [0x00000000d5580000, 0x00000000d7d80000, 0x0000000100000000)
  eden space 26112K, 0% used [0x00000000d5580000,0x00000000d5580000,0x00000000d6f00000)
  from space 2048K, 99% used [0x00000000d7480000,0x00000000d767c278,0x00000000d7680000)
  to   space 5632K, 0% used [0x00000000d6f00000,0x00000000d6f00000,0x00000000d7480000)
 ParOldGen       total 304640K, used 175144K [0x0000000080000000, 0x0000000092980000, 0x00000000d5580000Event: 30754.183 {heap Before GC invocations=258 (full 5):
 PSYoungGen      total 28160K, used 28144K [0x00000000d5580000, 0x00000000d7d80000, 0x0000000100000000)
  eden space 26112K, 100% used [0x00000000d5580000,0x00000000d6f00000,0x00000000d6f00000)
  from space 2048K, 99% used [0x00000000d7480000,0x00000000d767c278,0x00000000d7680000)
  to   space 5632K, 0% used [0x00000000d6f00000,0x00000000d6f00000,0x00000000d7480000)
 ParOldGen       total 304640K, used 175144K [0x0000000080000000, 0x0000000092980000, 0x00000000d558Event: 30754.186 {heap After GC invocations=258 (full 5):
 PSYoungGen      total 30208K, used 4208K [0x00000000d5580000, 0x00000000d7780000, 0x0000000100000000)
  eden space 25600K, 0% used [0x00000000d5580000,0x00000000d5580000,0x00000000d6e80000)
  from space 4608K, 91% used [0x00000000d6f00000,0x00000000d731c240,0x00000000d7380000)
  to   space 4096K, 0% used [0x00000000d7380000,0x00000000d7380000,0x00000000d7780000)
 ParOldGen       total 304640K, used 175191K [0x0000000080000000, 0x0000000092980000, 0x00000000d5580000Event: 30896.154 {heap Before GC invocations=259 (full 5):
 PSYoungGen      total 30208K, used 29808K [0x00000000d5580000, 0x00000000d7780000, 0x0000000100000000)
  eden space 25600K, 100% used [0x00000000d5580000,0x00000000d6e80000,0x00000000d6e80000)
  from space 4608K, 91% used [0x00000000d6f00000,0x00000000d731c240,0x00000000d7380000)
  to   space 4096K, 0% used [0x00000000d7380000,0x00000000d7380000,0x00000000d7780000)
 ParOldGen       total 304640K, used 175191K [0x0000000080000000, 0x0000000092980000, 0x00000000d558Event: 30896.155 {heap After GC invocations=259 (full 5):
 PSYoungGen      total 31744K, used 476K [0x00000000d5580000, 0x00000000d7680000, 0x0000000100000000)
  eden space 28672K, 0% used [0x00000000d5580000,0x00000000d5580000,0x00000000d7180000)
  from space 3072K, 15% used [0x00000000d7380000,0x00000000d73f7190,0x00000000d7680000)
  to   space 2048K, 0% used [0x00000000d7180000,0x00000000d7180000,0x00000000d7380000)
 ParOldGen       total 304640K, used 175366K [0x0000000080000000, 0x0000000092980000, 0x00000000d5580000)Event: 30919.824 {heap Before GC invocations=260 (full 5):
 PSYoungGen      total 31744K, used 29148K [0x00000000d5580000, 0x00000000d7680000, 0x0000000100000000)
  eden space 28672K, 100% used [0x00000000d5580000,0x00000000d7180000,0x00000000d7180000)
  from space 3072K, 15% used [0x00000000d7380000,0x00000000d73f7190,0x00000000d7680000)
  to   space 2048K, 0% used [0x00000000d7180000,0x00000000d7180000,0x00000000d7380000)
 ParOldGen       total 304640K, used 175366K [0x0000000080000000, 0x0000000092980000, 0x00000000d558Event: 30919.826 {heap After GC invocations=260 (full 5):
 PSYoungGen      total 30208K, used 2043K [0x00000000d5580000, 0x00000000d7700000, 0x0000000100000000)
  eden space 28160K, 0% used [0x00000000d5580000,0x00000000d5580000,0x00000000d7100000)
  from space 2048K, 99% used [0x00000000d7180000,0x00000000d737ef48,0x00000000d7380000)
  to   space 3072K, 0% used [0x00000000d7400000,0x00000000d7400000,0x00000000d7700000)
 ParOldGen       total 304640K, used 175560K [0x0000000080000000, 0x0000000092980000, 0x00000000d5580000Event: 31069.744 {heap Before GC invocations=261 (full 5):
 PSYoungGen      total 30208K, used 30203K [0x00000000d5580000, 0x00000000d7700000, 0x0000000100000000)
  eden space 28160K, 100% used [0x00000000d5580000,0x00000000d7100000,0x00000000d7100000)
  from space 2048K, 99% used [0x00000000d7180000,0x00000000d737ef48,0x00000000d7380000)
  to   space 3072K, 0% used [0x00000000d7400000,0x00000000d7400000,0x00000000d7700000)
 ParOldGen       total 304640K, used 175560K [0x0000000080000000, 0x0000000092980000, 0x00000000d558Event: 31069.767 {heap After GC invocations=261 (full 5):
 PSYoungGen      total 31232K, used 2260K [0x00000000d5580000, 0x00000000d7680000, 0x0000000100000000)
  eden space 28672K, 0% used [0x00000000d5580000,0x00000000d5580000,0x00000000d7180000)
  from space 2560K, 88% used [0x00000000d7400000,0x00000000d7635370,0x00000000d7680000)
  to   space 2560K, 0% used [0x00000000d7180000,0x00000000d7180000,0x00000000d7400000)
 ParOldGen       total 304640K, used 177249K [0x0000000080000000, 0x0000000092980000, 0x00000000d5580000Event: 31192.653 {heap Before GC invocations=262 (full 5):
 PSYoungGen      total 31232K, used 30932K [0x00000000d5580000, 0x00000000d7680000, 0x0000000100000000)
  eden space 28672K, 100% used [0x00000000d5580000,0x00000000d7180000,0x00000000d7180000)
  from space 2560K, 88% used [0x00000000d7400000,0x00000000d7635370,0x00000000d7680000)
  to   space 2560K, 0% used [0x00000000d7180000,0x00000000d7180000,0x00000000d7400000)
 ParOldGen       total 304640K, used 177249K [0x0000000080000000, 0x0000000092980000, 0x00000000d558Event: 31192.655 {heap After GC invocations=262 (full 5):
 PSYoungGen      total 31232K, used 384K [0x00000000d5580000, 0x00000000d7680000, 0x0000000100000000)
  eden space 28672K, 0% used [0x00000000d5580000,0x00000000d5580000,0x00000000d7180000)
  from space 2560K, 15% used [0x00000000d7180000,0x00000000d71e0020,0x00000000d7400000)
  to   space 1536K, 0% used [0x00000000d7500000,0x00000000d7500000,0x00000000d7680000)
 ParOldGen       total 304640K, used 177393K [0x0000000080000000, 0x0000000092980000, 0x00000000d5580000)Event: 31316.265 {heap Before GC invocations=263 (full 5):
 PSYoungGen      total 31232K, used 29056K [0x00000000d5580000, 0x00000000d7680000, 0x0000000100000000)
  eden space 28672K, 100% used [0x00000000d5580000,0x00000000d7180000,0x00000000d7180000)
  from space 2560K, 15% used [0x00000000d7180000,0x00000000d71e0020,0x00000000d7400000)
  to   space 1536K, 0% used [0x00000000d7500000,0x00000000d7500000,0x00000000d7680000)
 ParOldGen       total 304640K, used 177393K [0x0000000080000000, 0x0000000092980000, 0x00000000d558Event: 31316.268 {heap After GC invocations=263 (full 5):
 PSYoungGen      total 30208K, used 1520K [0x00000000d5580000, 0x00000000d7680000, 0x0000000100000000)
  eden space 28672K, 0% used [0x00000000d5580000,0x00000000d5580000,0x00000000d7180000)
  from space 1536K, 98% used [0x00000000d7500000,0x00000000d767c030,0x00000000d7680000)
  to   space 2560K, 0% used [0x00000000d7180000,0x00000000d7180000,0x00000000d7400000)
 ParOldGen       total 304640K, used 177714K [0x0000000080000000, 0x0000000092980000, 0x00000000d5580000Event: 31316.332 {heap Before GC invocations=264 (full 5):
 PSYoungGen      total 30208K, used 30192K [0x00000000d5580000, 0x00000000d7680000, 0x0000000100000000)
  eden space 28672K, 100% used [0x00000000d5580000,0x00000000d7180000,0x00000000d7180000)
  from space 1536K, 98% used [0x00000000d7500000,0x00000000d767c030,0x00000000d7680000)
  to   space 2560K, 0% used [0x00000000d7180000,0x00000000d7180000,0x00000000d7400000)
 ParOldGen       total 304640K, used 177714K [0x0000000080000000, 0x0000000092980000, 0x00000000d558Event: 31316.335 {heap After GC invocations=264 (full 5):
 PSYoungGen      total 31232K, used 575K [0x00000000d5580000, 0x00000000d7680000, 0x0000000100000000)
  eden space 28672K, 0% used [0x00000000d5580000,0x00000000d5580000,0x00000000d7180000)
  from space 2560K, 22% used [0x00000000d7180000,0x00000000d720ff78,0x00000000d7400000)
  to   space 1536K, 0% used [0x00000000d7500000,0x00000000d7500000,0x00000000d7680000)
 ParOldGen       total 304640K, used 179233K [0x0000000080000000, 0x0000000092980000, 0x00000000d5580000)
Metaspace Usage History (20 events):
Event: 29194.303 {metaspace Before GC invocations=255 (full 5):
 Metaspace       used 90095K, committed 91712K, reserved 1179648K
  class space    used 7730K, committed 8448K, reserved 1048576K
}
Event: 29194.306 {metaspace After GC invocations=255 (full 5):
 Metaspace       used 90095K, committed 91712K, reserved 1179648K
  class space    used 7730K, committed 8448K, reserved 1048576K
}
Event: 29204.257 {metaspace Before GC invocations=256 (full 5):
 Metaspace       used 90096K, committed 91712K, reserved 1179648K
  class space    used 7730K, committed 8448K, reserved 1048576K
}
Event: 29204.258 {metaspace After GC invocations=256 (full 5):
 Metaspace       used 90096K, committed 91712K, reserved 1179648K
  class space    used 7730K, committed 8448K, reserved 1048576K
}
Event: 29223.910 {metaspace Before GC invocations=257 (full 5):
 Metaspace       used 90103K, committed 91712K, reserved 1179648K
  class space    used 7730K, committed 8448K, reserved 1048576K
}
Event: 29223.916 {metaspace After GC invocations=257 (full 5):
 Metaspace       used 90103K, committed 91712K, reserved 1179648K
  class space    used 7730K, committed 8448K, reserved 1048576K
}
Event: 30754.183 {metaspace Before GC invocations=258 (full 5):
 Metaspace       used 90118K, committed 91712K, reserved 1179648K
  class space    used 7730K, committed 8448K, reserved 1048576K
}
Event: 30754.186 {metaspace After GC invocations=258 (full 5):
 Metaspace       used 90118K, committed 91712K, reserved 1179648K
  class space    used 7730K, committed 8448K, reserved 1048576K
}
Event: 30896.154 {metaspace Before GC invocations=259 (full 5):
 Metaspace       used 90143K, committed 91712K, reserved 1179648K
  class space    used 7730K, committed 8448K, reserved 1048576K
}
Event: 30896.155 {metaspace After GC invocations=259 (full 5):
 Metaspace       used 90143K, committed 91712K, reserved 1179648K
  class space    used 7730K, committed 8448K, reserved 1048576K
}
Event: 30919.824 {metaspace Before GC invocations=260 (full 5):
 Metaspace       used 90178K, committed 91776K, reserved 1179648K
  class space    used 7731K, committed 8448K, reserved 1048576K
}
Event: 30919.826 {metaspace After GC invocations=260 (full 5):
 Metaspace       used 90178K, committed 91776K, reserved 1179648K
  class space    used 7731K, committed 8448K, reserved 1048576K
}
Event: 31069.744 {metaspace Before GC invocations=261 (full 5):
 Metaspace       used 90193K, committed 91776K, reserved 1179648K
  class space    used 7731K, committed 8448K, reserved 1048576K
}
Event: 31069.767 {metaspace After GC invocations=261 (full 5):
 Metaspace       used 90193K, committed 91776K, reserved 1179648K
  class space    used 7731K, committed 8448K, reserved 1048576K
}
Event: 31192.653 {metaspace Before GC invocations=262 (full 5):
 Metaspace       used 90235K, committed 91840K, reserved 1179648K
  class space    used 7731K, committed 8448K, reserved 1048576K
}
Event: 31192.655 {metaspace After GC invocations=262 (full 5):
 Metaspace       used 90235K, committed 91840K, reserved 1179648K
  class space    used 7731K, committed 8448K, reserved 1048576K
}
Event: 31316.265 {metaspace Before GC invocations=263 (full 5):
 Metaspace       used 90855K, committed 92416K, reserved 1179648K
  class space    used 7806K, committed 8512K, reserved 1048576K
}
Event: 31316.268 {metaspace After GC invocations=263 (full 5):
 Metaspace       used 90855K, committed 92416K, reserved 1179648K
  class space    used 7806K, committed 8512K, reserved 1048576K
}
Event: 31316.332 {metaspace Before GC invocations=264 (full 5):
 Metaspace       used 91527K, committed 93568K, reserved 1179648K
  class space    used 7998K, committed 8896K, reserved 1048576K
}
Event: 31316.335 {metaspace After GC invocations=264 (full 5):
 Metaspace       used 91527K, committed 93568K, reserved 1179648K
  class space    used 7998K, committed 8896K, reserved 1048576K
}

